<?xml version="1.0" encoding="UTF-8"?>
<!-- Generated by org.testng.reporters.JUnitReportReporter -->
<testsuite hostname="DESKTOP-RL85JAP" failures="0" tests="1" name="Test.agregarFavorito" time="25.900" errors="0" timestamp="2022-04-18T22:12:07 CST" skipped="0">
  <testcase classname="Test.agregarFavorito" name="agregarFavoritoTest" time="25.900"/>
  <system-out/>
</testsuite> <!-- Test.agregarFavorito -->
