<?xml version="1.0" encoding="UTF-8"?>
<!-- Generated by org.testng.reporters.JUnitReportReporter -->
<testsuite hostname="DESKTOP-RL85JAP" failures="0" tests="1" name="Test.buscarCancion" time="53.801" errors="0" timestamp="2022-04-19T00:14:19 CST" skipped="0">
  <testcase classname="Test.buscarCancion" name="buscarCancionTest" time="53.801"/>
  <system-out/>
</testsuite> <!-- Test.buscarCancion -->
