<?xml version="1.0" encoding="UTF-8"?>
<!-- Generated by org.testng.reporters.JUnitReportReporter -->
<testsuite hostname="DESKTOP-RL85JAP" failures="0" tests="1" name="Test.test" time="11.043" errors="0" timestamp="2022-04-18T13:32:36 CST" skipped="0">
  <testcase classname="Test.test" name="testUntitledTestCase" time="11.043"/>
  <system-out/>
</testsuite> <!-- Test.test -->
