<?xml version="1.0" encoding="UTF-8"?>
<!-- Generated by org.testng.reporters.JUnitReportReporter -->
<testsuite hostname="DESKTOP-RL85JAP" failures="0" tests="1" name="Test.pararCancion" time="24.543" errors="0" timestamp="2022-04-18T22:32:15 CST" skipped="0">
  <testcase classname="Test.pararCancion" name="pararCancionTest" time="24.543"/>
  <system-out/>
</testsuite> <!-- Test.pararCancion -->
