<?xml version="1.0" encoding="UTF-8"?>
<!-- Generated by org.testng.reporters.JUnitReportReporter -->
<testsuite hostname="DESKTOP-RL85JAP" failures="0" tests="1" name="Test.bajarVolumen" time="30.274" errors="0" timestamp="2022-04-18T22:13:23 CST" skipped="0">
  <testcase classname="Test.bajarVolumen" name="bajarVolumenTest" time="30.274"/>
  <system-out/>
</testsuite> <!-- Test.bajarVolumen -->
