<?xml version="1.0" encoding="UTF-8"?>
<!-- Generated by org.testng.reporters.JUnitReportReporter -->
<testsuite hostname="DESKTOP-RL85JAP" failures="0" tests="1" name="Test.cambiarConfiguracion" time="20.041" errors="0" timestamp="2022-04-18T22:28:50 CST" skipped="0">
  <testcase classname="Test.cambiarConfiguracion" name="cambiarConfiguracionTest" time="20.041"/>
  <system-out/>
</testsuite> <!-- Test.cambiarConfiguracion -->
