<?xml version="1.0" encoding="UTF-8"?>
<!-- Generated by org.testng.reporters.JUnitReportReporter -->
<testsuite hostname="DESKTOP-RL85JAP" failures="0" tests="2" name="Test.claseBase" time="0.006" errors="0" timestamp="2022-04-17T21:22:31 CST" skipped="0">
  <testcase classname="Test.claseBase" name="down" time="0.005"/>
  <system-out/>
  <testcase classname="Test.claseBase" name="sampleTest" time="0.001"/>
  <system-out/>
</testsuite> <!-- Test.claseBase -->
