<?xml version="1.0" encoding="UTF-8"?>
<!-- Generated by org.testng.reporters.JUnitReportReporter -->
<testsuite hostname="DESKTOP-RL85JAP" failures="0" tests="1" name="Test.pasarCancion" time="24.190" errors="0" timestamp="2022-04-18T22:33:18 CST" skipped="0">
  <testcase classname="Test.pasarCancion" name="pasarCancionTest" time="24.190"/>
  <system-out/>
</testsuite> <!-- Test.pasarCancion -->
