<?xml version="1.0" encoding="UTF-8"?>
<!-- Generated by org.testng.reporters.JUnitReportReporter -->
<testsuite hostname="DESKTOP-RL85JAP" failures="0" tests="1" name="Test.buscarCantante" time="39.613" errors="0" timestamp="2022-04-18T22:18:57 CST" skipped="0">
  <testcase classname="Test.buscarCantante" name="testUntitled" time="39.613"/>
  <system-out/>
</testsuite> <!-- Test.buscarCantante -->
