<?xml version="1.0" encoding="UTF-8"?>
<!-- Generated by org.testng.reporters.JUnitReportReporter -->
<testsuite hostname="DESKTOP-RL85JAP" failures="0" tests="1" name="Test.subirVolumen" time="29.475" errors="0" timestamp="2022-04-18T22:34:23 CST" skipped="0">
  <testcase classname="Test.subirVolumen" name="subirVolumenTest" time="29.475"/>
  <system-out/>
</testsuite> <!-- Test.subirVolumen -->
